Mar 09, 2018 2:24:31 AM org.apache.catalina.startup.VersionLoggerListener log
INFO: Server version:        Apache Tomcat/7.0.85
Mar 09, 2018 2:24:31 AM org.apache.catalina.startup.VersionLoggerListener log
INFO: Server built:          Feb 7 2018 18:52:33 UTC
Mar 09, 2018 2:24:31 AM org.apache.catalina.startup.VersionLoggerListener log
INFO: Server number:         7.0.85.0
Mar 09, 2018 2:24:31 AM org.apache.catalina.startup.VersionLoggerListener log
INFO: OS Name:               Linux
Mar 09, 2018 2:24:31 AM org.apache.catalina.startup.VersionLoggerListener log
INFO: OS Version:            3.10.0-693.11.6.el7.x86_64
Mar 09, 2018 2:24:31 AM org.apache.catalina.startup.VersionLoggerListener log
INFO: Architecture:          amd64
Mar 09, 2018 2:24:31 AM org.apache.catalina.startup.VersionLoggerListener log
INFO: Java Home:             /usr/lib/jvm/java-1.8.0-openjdk-1.8.0.161-0.b14.el7_4.x86_64/jre
Mar 09, 2018 2:24:31 AM org.apache.catalina.startup.VersionLoggerListener log
INFO: JVM Version:           1.8.0_161-b14
Mar 09, 2018 2:24:31 AM org.apache.catalina.startup.VersionLoggerListener log
INFO: JVM Vendor:            Oracle Corporation
Mar 09, 2018 2:24:31 AM org.apache.catalina.startup.VersionLoggerListener log
INFO: CATALINA_BASE:         /home/centos/apache-tomcat-7.0.85
Mar 09, 2018 2:24:31 AM org.apache.catalina.startup.VersionLoggerListener log
INFO: CATALINA_HOME:         /home/centos/apache-tomcat-7.0.85
Mar 09, 2018 2:24:31 AM org.apache.catalina.startup.VersionLoggerListener log
INFO: Command line argument: -Djava.util.logging.config.file=/home/centos/apache-tomcat-7.0.85/conf/logging.properties
Mar 09, 2018 2:24:31 AM org.apache.catalina.startup.VersionLoggerListener log
INFO: Command line argument: -Djava.util.logging.manager=org.apache.juli.ClassLoaderLogManager
Mar 09, 2018 2:24:31 AM org.apache.catalina.startup.VersionLoggerListener log
INFO: Command line argument: -Djdk.tls.ephemeralDHKeySize=2048
Mar 09, 2018 2:24:31 AM org.apache.catalina.startup.VersionLoggerListener log
INFO: Command line argument: -Dignore.endorsed.dirs=
Mar 09, 2018 2:24:31 AM org.apache.catalina.startup.VersionLoggerListener log
INFO: Command line argument: -Dcatalina.base=/home/centos/apache-tomcat-7.0.85
Mar 09, 2018 2:24:31 AM org.apache.catalina.startup.VersionLoggerListener log
INFO: Command line argument: -Dcatalina.home=/home/centos/apache-tomcat-7.0.85
Mar 09, 2018 2:24:31 AM org.apache.catalina.startup.VersionLoggerListener log
INFO: Command line argument: -Djava.io.tmpdir=/home/centos/apache-tomcat-7.0.85/temp
Mar 09, 2018 2:24:31 AM org.apache.catalina.core.AprLifecycleListener lifecycleEvent
INFO: The APR based Apache Tomcat Native library which allows optimal performance in production environments was not found on the java.library.path: /usr/java/packages/lib/amd64:/usr/lib64:/lib64:/lib:/usr/lib
Mar 09, 2018 2:24:31 AM org.apache.coyote.AbstractProtocol init
INFO: Initializing ProtocolHandler ["http-bio-8080"]
Mar 09, 2018 2:24:31 AM org.apache.coyote.AbstractProtocol init
INFO: Initializing ProtocolHandler ["ajp-bio-8009"]
Mar 09, 2018 2:24:31 AM org.apache.catalina.startup.Catalina load
INFO: Initialization processed in 1233 ms
Mar 09, 2018 2:24:32 AM org.apache.catalina.core.StandardService startInternal
INFO: Starting service Catalina
Mar 09, 2018 2:24:32 AM org.apache.catalina.core.StandardEngine startInternal
INFO: Starting Servlet Engine: Apache Tomcat/7.0.85
Mar 09, 2018 2:24:32 AM org.apache.catalina.startup.HostConfig deployDirectory
INFO: Deploying web application directory /home/centos/apache-tomcat-7.0.85/webapps/docs
Mar 09, 2018 2:24:32 AM org.apache.catalina.startup.HostConfig deployDirectory
INFO: Deployment of web application directory /home/centos/apache-tomcat-7.0.85/webapps/docs has finished in 610 ms
Mar 09, 2018 2:24:32 AM org.apache.catalina.startup.HostConfig deployDirectory
INFO: Deploying web application directory /home/centos/apache-tomcat-7.0.85/webapps/examples
Mar 09, 2018 2:24:33 AM org.apache.catalina.startup.HostConfig deployDirectory
INFO: Deployment of web application directory /home/centos/apache-tomcat-7.0.85/webapps/examples has finished in 533 ms
Mar 09, 2018 2:24:33 AM org.apache.catalina.startup.HostConfig deployDirectory
INFO: Deploying web application directory /home/centos/apache-tomcat-7.0.85/webapps/host-manager
Mar 09, 2018 2:24:33 AM org.apache.catalina.startup.HostConfig deployDirectory
INFO: Deployment of web application directory /home/centos/apache-tomcat-7.0.85/webapps/host-manager has finished in 338 ms
Mar 09, 2018 2:24:33 AM org.apache.catalina.startup.HostConfig deployDirectory
INFO: Deploying web application directory /home/centos/apache-tomcat-7.0.85/webapps/manager
Mar 09, 2018 2:24:33 AM org.apache.catalina.startup.HostConfig deployDirectory
INFO: Deployment of web application directory /home/centos/apache-tomcat-7.0.85/webapps/manager has finished in 87 ms
Mar 09, 2018 2:24:33 AM org.apache.catalina.startup.HostConfig deployDirectory
INFO: Deploying web application directory /home/centos/apache-tomcat-7.0.85/webapps/ROOT
Mar 09, 2018 2:24:33 AM org.apache.catalina.startup.HostConfig deployDirectory
INFO: Deployment of web application directory /home/centos/apache-tomcat-7.0.85/webapps/ROOT has finished in 61 ms
Mar 09, 2018 2:24:33 AM org.apache.coyote.AbstractProtocol start
INFO: Starting ProtocolHandler ["http-bio-8080"]
Mar 09, 2018 2:24:33 AM org.apache.coyote.AbstractProtocol start
INFO: Starting ProtocolHandler ["ajp-bio-8009"]
Mar 09, 2018 2:24:33 AM org.apache.catalina.startup.Catalina start
INFO: Server startup in 1833 ms
Mar 09, 2018 2:28:43 AM org.apache.catalina.startup.HostConfig undeploy
INFO: Undeploying context []
Mar 09, 2018 2:28:43 AM org.apache.catalina.startup.HostConfig undeploy
INFO: Undeploying context [/examples]
Mar 09, 2018 2:28:43 AM org.apache.catalina.startup.HostConfig undeploy
INFO: Undeploying context [/host-manager]
Mar 09, 2018 2:28:43 AM org.apache.catalina.startup.HostConfig undeploy
INFO: Undeploying context [/manager]
Mar 09, 2018 2:28:43 AM org.apache.catalina.startup.HostConfig undeploy
INFO: Undeploying context [/docs]
Mar 09, 2018 2:28:43 AM org.apache.catalina.startup.HostConfig deployDirectory
INFO: Deploying web application directory /home/centos/apache-tomcat-7.0.85/webapps/docs
Mar 09, 2018 2:28:43 AM org.apache.catalina.startup.HostConfig deployDirectory
INFO: Deployment of web application directory /home/centos/apache-tomcat-7.0.85/webapps/docs has finished in 71 ms
Mar 09, 2018 2:28:43 AM org.apache.catalina.startup.HostConfig deployDirectory
INFO: Deploying web application directory /home/centos/apache-tomcat-7.0.85/webapps/examples
Mar 09, 2018 2:28:44 AM org.apache.catalina.startup.HostConfig deployDirectory
INFO: Deployment of web application directory /home/centos/apache-tomcat-7.0.85/webapps/examples has finished in 213 ms
Mar 09, 2018 2:28:44 AM org.apache.catalina.startup.HostConfig deployDirectory
INFO: Deploying web application directory /home/centos/apache-tomcat-7.0.85/webapps/host-manager
Mar 09, 2018 2:28:44 AM org.apache.catalina.startup.HostConfig deployDirectory
INFO: Deployment of web application directory /home/centos/apache-tomcat-7.0.85/webapps/host-manager has finished in 73 ms
Mar 09, 2018 2:28:44 AM org.apache.catalina.startup.HostConfig deployDirectory
INFO: Deploying web application directory /home/centos/apache-tomcat-7.0.85/webapps/manager
Mar 09, 2018 2:28:44 AM org.apache.catalina.startup.HostConfig deployDirectory
INFO: Deployment of web application directory /home/centos/apache-tomcat-7.0.85/webapps/manager has finished in 61 ms
Mar 09, 2018 2:28:44 AM org.apache.catalina.startup.HostConfig deployDirectory
INFO: Deploying web application directory /home/centos/apache-tomcat-7.0.85/webapps/ROOT
Mar 09, 2018 2:28:44 AM org.apache.catalina.startup.HostConfig deployDirectory
INFO: Deployment of web application directory /home/centos/apache-tomcat-7.0.85/webapps/ROOT has finished in 47 ms
Mar 09, 2018 2:39:14 AM org.apache.catalina.startup.VersionLoggerListener log
INFO: Server version:        Apache Tomcat/7.0.85
Mar 09, 2018 2:39:14 AM org.apache.catalina.startup.VersionLoggerListener log
INFO: Server built:          Feb 7 2018 18:52:33 UTC
Mar 09, 2018 2:39:14 AM org.apache.catalina.startup.VersionLoggerListener log
INFO: Server number:         7.0.85.0
Mar 09, 2018 2:39:14 AM org.apache.catalina.startup.VersionLoggerListener log
INFO: OS Name:               Linux
Mar 09, 2018 2:39:14 AM org.apache.catalina.startup.VersionLoggerListener log
INFO: OS Version:            3.10.0-693.11.6.el7.x86_64
Mar 09, 2018 2:39:14 AM org.apache.catalina.startup.VersionLoggerListener log
INFO: Architecture:          amd64
Mar 09, 2018 2:39:14 AM org.apache.catalina.startup.VersionLoggerListener log
INFO: Java Home:             /usr/lib/jvm/java-1.8.0-openjdk-1.8.0.161-0.b14.el7_4.x86_64/jre
Mar 09, 2018 2:39:14 AM org.apache.catalina.startup.VersionLoggerListener log
INFO: JVM Version:           1.8.0_161-b14
Mar 09, 2018 2:39:14 AM org.apache.catalina.startup.VersionLoggerListener log
INFO: JVM Vendor:            Oracle Corporation
Mar 09, 2018 2:39:14 AM org.apache.catalina.startup.VersionLoggerListener log
INFO: CATALINA_BASE:         /home/centos/apache-tomcat-7.0.85
Mar 09, 2018 2:39:14 AM org.apache.catalina.startup.VersionLoggerListener log
INFO: CATALINA_HOME:         /home/centos/apache-tomcat-7.0.85
Mar 09, 2018 2:39:14 AM org.apache.catalina.startup.VersionLoggerListener log
INFO: Command line argument: -Djava.util.logging.config.file=/home/centos/apache-tomcat-7.0.85/conf/logging.properties
Mar 09, 2018 2:39:14 AM org.apache.catalina.startup.VersionLoggerListener log
INFO: Command line argument: -Djava.util.logging.manager=org.apache.juli.ClassLoaderLogManager
Mar 09, 2018 2:39:14 AM org.apache.catalina.startup.VersionLoggerListener log
INFO: Command line argument: -Djdk.tls.ephemeralDHKeySize=2048
Mar 09, 2018 2:39:14 AM org.apache.catalina.startup.VersionLoggerListener log
INFO: Command line argument: -Dignore.endorsed.dirs=
Mar 09, 2018 2:39:14 AM org.apache.catalina.startup.VersionLoggerListener log
INFO: Command line argument: -Dcatalina.base=/home/centos/apache-tomcat-7.0.85
Mar 09, 2018 2:39:14 AM org.apache.catalina.startup.VersionLoggerListener log
INFO: Command line argument: -Dcatalina.home=/home/centos/apache-tomcat-7.0.85
Mar 09, 2018 2:39:14 AM org.apache.catalina.startup.VersionLoggerListener log
INFO: Command line argument: -Djava.io.tmpdir=/home/centos/apache-tomcat-7.0.85/temp
Mar 09, 2018 2:39:14 AM org.apache.catalina.core.AprLifecycleListener lifecycleEvent
INFO: The APR based Apache Tomcat Native library which allows optimal performance in production environments was not found on the java.library.path: /usr/java/packages/lib/amd64:/usr/lib64:/lib64:/lib:/usr/lib
Mar 09, 2018 2:39:15 AM org.apache.coyote.AbstractProtocol init
INFO: Initializing ProtocolHandler ["http-bio-8080"]
Mar 09, 2018 2:39:15 AM org.apache.coyote.AbstractProtocol init
SEVERE: Failed to initialize end point associated with ProtocolHandler ["http-bio-8080"]
java.net.BindException: Address already in use (Bind failed) <null>:8080
	at org.apache.tomcat.util.net.JIoEndpoint.bind(JIoEndpoint.java:413)
	at org.apache.tomcat.util.net.AbstractEndpoint.init(AbstractEndpoint.java:728)
	at org.apache.coyote.AbstractProtocol.init(AbstractProtocol.java:452)
	at org.apache.coyote.http11.AbstractHttp11JsseProtocol.init(AbstractHttp11JsseProtocol.java:119)
	at org.apache.catalina.connector.Connector.initInternal(Connector.java:978)
	at org.apache.catalina.util.LifecycleBase.init(LifecycleBase.java:102)
	at org.apache.catalina.core.StandardService.initInternal(StandardService.java:560)
	at org.apache.catalina.util.LifecycleBase.init(LifecycleBase.java:102)
	at org.apache.catalina.core.StandardServer.initInternal(StandardServer.java:840)
	at org.apache.catalina.util.LifecycleBase.init(LifecycleBase.java:102)
	at org.apache.catalina.startup.Catalina.load(Catalina.java:654)
	at org.apache.catalina.startup.Catalina.load(Catalina.java:679)
	at sun.reflect.NativeMethodAccessorImpl.invoke0(Native Method)
	at sun.reflect.NativeMethodAccessorImpl.invoke(NativeMethodAccessorImpl.java:62)
	at sun.reflect.DelegatingMethodAccessorImpl.invoke(DelegatingMethodAccessorImpl.java:43)
	at java.lang.reflect.Method.invoke(Method.java:498)
	at org.apache.catalina.startup.Bootstrap.load(Bootstrap.java:253)
	at org.apache.catalina.startup.Bootstrap.main(Bootstrap.java:427)
Caused by: java.net.BindException: Address already in use (Bind failed)
	at java.net.PlainSocketImpl.socketBind(Native Method)
	at java.net.AbstractPlainSocketImpl.bind(AbstractPlainSocketImpl.java:387)
	at java.net.ServerSocket.bind(ServerSocket.java:375)
	at java.net.ServerSocket.<init>(ServerSocket.java:237)
	at java.net.ServerSocket.<init>(ServerSocket.java:181)
	at org.apache.tomcat.util.net.DefaultServerSocketFactory.createSocket(DefaultServerSocketFactory.java:49)
	at org.apache.tomcat.util.net.JIoEndpoint.bind(JIoEndpoint.java:400)
	... 17 more

Mar 09, 2018 2:39:15 AM org.apache.catalina.core.StandardService initInternal
SEVERE: Failed to initialize connector [Connector[HTTP/1.1-8080]]
org.apache.catalina.LifecycleException: Failed to initialize component [Connector[HTTP/1.1-8080]]
	at org.apache.catalina.util.LifecycleBase.init(LifecycleBase.java:107)
	at org.apache.catalina.core.StandardService.initInternal(StandardService.java:560)
	at org.apache.catalina.util.LifecycleBase.init(LifecycleBase.java:102)
	at org.apache.catalina.core.StandardServer.initInternal(StandardServer.java:840)
	at org.apache.catalina.util.LifecycleBase.init(LifecycleBase.java:102)
	at org.apache.catalina.startup.Catalina.load(Catalina.java:654)
	at org.apache.catalina.startup.Catalina.load(Catalina.java:679)
	at sun.reflect.NativeMethodAccessorImpl.invoke0(Native Method)
	at sun.reflect.NativeMethodAccessorImpl.invoke(NativeMethodAccessorImpl.java:62)
	at sun.reflect.DelegatingMethodAccessorImpl.invoke(DelegatingMethodAccessorImpl.java:43)
	at java.lang.reflect.Method.invoke(Method.java:498)
	at org.apache.catalina.startup.Bootstrap.load(Bootstrap.java:253)
	at org.apache.catalina.startup.Bootstrap.main(Bootstrap.java:427)
Caused by: org.apache.catalina.LifecycleException: Protocol handler initialization failed
	at org.apache.catalina.connector.Connector.initInternal(Connector.java:980)
	at org.apache.catalina.util.LifecycleBase.init(LifecycleBase.java:102)
	... 12 more
Caused by: java.net.BindException: Address already in use (Bind failed) <null>:8080
	at org.apache.tomcat.util.net.JIoEndpoint.bind(JIoEndpoint.java:413)
	at org.apache.tomcat.util.net.AbstractEndpoint.init(AbstractEndpoint.java:728)
	at org.apache.coyote.AbstractProtocol.init(AbstractProtocol.java:452)
	at org.apache.coyote.http11.AbstractHttp11JsseProtocol.init(AbstractHttp11JsseProtocol.java:119)
	at org.apache.catalina.connector.Connector.initInternal(Connector.java:978)
	... 13 more
Caused by: java.net.BindException: Address already in use (Bind failed)
	at java.net.PlainSocketImpl.socketBind(Native Method)
	at java.net.AbstractPlainSocketImpl.bind(AbstractPlainSocketImpl.java:387)
	at java.net.ServerSocket.bind(ServerSocket.java:375)
	at java.net.ServerSocket.<init>(ServerSocket.java:237)
	at java.net.ServerSocket.<init>(ServerSocket.java:181)
	at org.apache.tomcat.util.net.DefaultServerSocketFactory.createSocket(DefaultServerSocketFactory.java:49)
	at org.apache.tomcat.util.net.JIoEndpoint.bind(JIoEndpoint.java:400)
	... 17 more

Mar 09, 2018 2:39:15 AM org.apache.coyote.AbstractProtocol init
INFO: Initializing ProtocolHandler ["ajp-bio-8009"]
Mar 09, 2018 2:39:15 AM org.apache.coyote.AbstractProtocol init
SEVERE: Failed to initialize end point associated with ProtocolHandler ["ajp-bio-8009"]
java.net.BindException: Address already in use (Bind failed) <null>:8009
	at org.apache.tomcat.util.net.JIoEndpoint.bind(JIoEndpoint.java:413)
	at org.apache.tomcat.util.net.AbstractEndpoint.init(AbstractEndpoint.java:728)
	at org.apache.coyote.AbstractProtocol.init(AbstractProtocol.java:452)
	at org.apache.catalina.connector.Connector.initInternal(Connector.java:978)
	at org.apache.catalina.util.LifecycleBase.init(LifecycleBase.java:102)
	at org.apache.catalina.core.StandardService.initInternal(StandardService.java:560)
	at org.apache.catalina.util.LifecycleBase.init(LifecycleBase.java:102)
	at org.apache.catalina.core.StandardServer.initInternal(StandardServer.java:840)
	at org.apache.catalina.util.LifecycleBase.init(LifecycleBase.java:102)
	at org.apache.catalina.startup.Catalina.load(Catalina.java:654)
	at org.apache.catalina.startup.Catalina.load(Catalina.java:679)
	at sun.reflect.NativeMethodAccessorImpl.invoke0(Native Method)
	at sun.reflect.NativeMethodAccessorImpl.invoke(NativeMethodAccessorImpl.java:62)
	at sun.reflect.DelegatingMethodAccessorImpl.invoke(DelegatingMethodAccessorImpl.java:43)
	at java.lang.reflect.Method.invoke(Method.java:498)
	at org.apache.catalina.startup.Bootstrap.load(Bootstrap.java:253)
	at org.apache.catalina.startup.Bootstrap.main(Bootstrap.java:427)
Caused by: java.net.BindException: Address already in use (Bind failed)
	at java.net.PlainSocketImpl.socketBind(Native Method)
	at java.net.AbstractPlainSocketImpl.bind(AbstractPlainSocketImpl.java:387)
	at java.net.ServerSocket.bind(ServerSocket.java:375)
	at java.net.ServerSocket.<init>(ServerSocket.java:237)
	at java.net.ServerSocket.<init>(ServerSocket.java:181)
	at org.apache.tomcat.util.net.DefaultServerSocketFactory.createSocket(DefaultServerSocketFactory.java:49)
	at org.apache.tomcat.util.net.JIoEndpoint.bind(JIoEndpoint.java:400)
	... 16 more

Mar 09, 2018 2:39:15 AM org.apache.catalina.core.StandardService initInternal
SEVERE: Failed to initialize connector [Connector[AJP/1.3-8009]]
org.apache.catalina.LifecycleException: Failed to initialize component [Connector[AJP/1.3-8009]]
	at org.apache.catalina.util.LifecycleBase.init(LifecycleBase.java:107)
	at org.apache.catalina.core.StandardService.initInternal(StandardService.java:560)
	at org.apache.catalina.util.LifecycleBase.init(LifecycleBase.java:102)
	at org.apache.catalina.core.StandardServer.initInternal(StandardServer.java:840)
	at org.apache.catalina.util.LifecycleBase.init(LifecycleBase.java:102)
	at org.apache.catalina.startup.Catalina.load(Catalina.java:654)
	at org.apache.catalina.startup.Catalina.load(Catalina.java:679)
	at sun.reflect.NativeMethodAccessorImpl.invoke0(Native Method)
	at sun.reflect.NativeMethodAccessorImpl.invoke(NativeMethodAccessorImpl.java:62)
	at sun.reflect.DelegatingMethodAccessorImpl.invoke(DelegatingMethodAccessorImpl.java:43)
	at java.lang.reflect.Method.invoke(Method.java:498)
	at org.apache.catalina.startup.Bootstrap.load(Bootstrap.java:253)
	at org.apache.catalina.startup.Bootstrap.main(Bootstrap.java:427)
Caused by: org.apache.catalina.LifecycleException: Protocol handler initialization failed
	at org.apache.catalina.connector.Connector.initInternal(Connector.java:980)
	at org.apache.catalina.util.LifecycleBase.init(LifecycleBase.java:102)
	... 12 more
Caused by: java.net.BindException: Address already in use (Bind failed) <null>:8009
	at org.apache.tomcat.util.net.JIoEndpoint.bind(JIoEndpoint.java:413)
	at org.apache.tomcat.util.net.AbstractEndpoint.init(AbstractEndpoint.java:728)
	at org.apache.coyote.AbstractProtocol.init(AbstractProtocol.java:452)
	at org.apache.catalina.connector.Connector.initInternal(Connector.java:978)
	... 13 more
Caused by: java.net.BindException: Address already in use (Bind failed)
	at java.net.PlainSocketImpl.socketBind(Native Method)
	at java.net.AbstractPlainSocketImpl.bind(AbstractPlainSocketImpl.java:387)
	at java.net.ServerSocket.bind(ServerSocket.java:375)
	at java.net.ServerSocket.<init>(ServerSocket.java:237)
	at java.net.ServerSocket.<init>(ServerSocket.java:181)
	at org.apache.tomcat.util.net.DefaultServerSocketFactory.createSocket(DefaultServerSocketFactory.java:49)
	at org.apache.tomcat.util.net.JIoEndpoint.bind(JIoEndpoint.java:400)
	... 16 more

Mar 09, 2018 2:39:15 AM org.apache.catalina.startup.Catalina load
INFO: Initialization processed in 1009 ms
Mar 09, 2018 2:39:15 AM org.apache.catalina.core.StandardService startInternal
INFO: Starting service Catalina
Mar 09, 2018 2:39:15 AM org.apache.catalina.core.StandardEngine startInternal
INFO: Starting Servlet Engine: Apache Tomcat/7.0.85
Mar 09, 2018 2:39:15 AM org.apache.catalina.startup.HostConfig deployDirectory
INFO: Deploying web application directory /home/centos/apache-tomcat-7.0.85/webapps/docs
Mar 09, 2018 2:39:15 AM org.apache.catalina.startup.HostConfig deployDirectory
INFO: Deployment of web application directory /home/centos/apache-tomcat-7.0.85/webapps/docs has finished in 531 ms
Mar 09, 2018 2:39:15 AM org.apache.catalina.startup.HostConfig deployDirectory
INFO: Deploying web application directory /home/centos/apache-tomcat-7.0.85/webapps/examples
Mar 09, 2018 2:39:16 AM org.apache.catalina.startup.HostConfig deployDirectory
INFO: Deployment of web application directory /home/centos/apache-tomcat-7.0.85/webapps/examples has finished in 485 ms
Mar 09, 2018 2:39:16 AM org.apache.catalina.startup.HostConfig deployDirectory
INFO: Deploying web application directory /home/centos/apache-tomcat-7.0.85/webapps/host-manager
Mar 09, 2018 2:39:16 AM org.apache.catalina.startup.HostConfig deployDirectory
INFO: Deployment of web application directory /home/centos/apache-tomcat-7.0.85/webapps/host-manager has finished in 221 ms
Mar 09, 2018 2:39:16 AM org.apache.catalina.startup.HostConfig deployDirectory
INFO: Deploying web application directory /home/centos/apache-tomcat-7.0.85/webapps/manager
Mar 09, 2018 2:39:16 AM org.apache.catalina.startup.HostConfig deployDirectory
INFO: Deployment of web application directory /home/centos/apache-tomcat-7.0.85/webapps/manager has finished in 103 ms
Mar 09, 2018 2:39:16 AM org.apache.catalina.startup.HostConfig deployDirectory
INFO: Deploying web application directory /home/centos/apache-tomcat-7.0.85/webapps/ROOT
Mar 09, 2018 2:39:16 AM org.apache.catalina.startup.HostConfig deployDirectory
INFO: Deployment of web application directory /home/centos/apache-tomcat-7.0.85/webapps/ROOT has finished in 65 ms
Mar 09, 2018 2:39:16 AM org.apache.catalina.startup.Catalina start
INFO: Server startup in 1486 ms
Mar 09, 2018 2:39:16 AM org.apache.catalina.core.StandardServer await
SEVERE: StandardServer.await: create[localhost:8005]: 
java.net.BindException: Address already in use (Bind failed)
	at java.net.PlainSocketImpl.socketBind(Native Method)
	at java.net.AbstractPlainSocketImpl.bind(AbstractPlainSocketImpl.java:387)
	at java.net.ServerSocket.bind(ServerSocket.java:375)
	at java.net.ServerSocket.<init>(ServerSocket.java:237)
	at org.apache.catalina.core.StandardServer.await(StandardServer.java:444)
	at org.apache.catalina.startup.Catalina.await(Catalina.java:793)
	at org.apache.catalina.startup.Catalina.start(Catalina.java:739)
	at sun.reflect.NativeMethodAccessorImpl.invoke0(Native Method)
	at sun.reflect.NativeMethodAccessorImpl.invoke(NativeMethodAccessorImpl.java:62)
	at sun.reflect.DelegatingMethodAccessorImpl.invoke(DelegatingMethodAccessorImpl.java:43)
	at java.lang.reflect.Method.invoke(Method.java:498)
	at org.apache.catalina.startup.Bootstrap.start(Bootstrap.java:294)
	at org.apache.catalina.startup.Bootstrap.main(Bootstrap.java:428)

Mar 09, 2018 2:39:16 AM org.apache.coyote.AbstractProtocol pause
INFO: Pausing ProtocolHandler ["http-bio-8080"]
Mar 09, 2018 2:39:16 AM org.apache.coyote.AbstractProtocol pause
INFO: Pausing ProtocolHandler ["ajp-bio-8009"]
Mar 09, 2018 2:39:16 AM org.apache.catalina.core.StandardService stopInternal
INFO: Stopping service Catalina
Mar 09, 2018 2:39:16 AM org.apache.coyote.AbstractProtocol stop
INFO: Stopping ProtocolHandler ["http-bio-8080"]
Mar 09, 2018 2:39:16 AM org.apache.coyote.AbstractProtocol destroy
INFO: Destroying ProtocolHandler ["http-bio-8080"]
Mar 09, 2018 2:39:16 AM org.apache.coyote.AbstractProtocol stop
INFO: Stopping ProtocolHandler ["ajp-bio-8009"]
Mar 09, 2018 2:39:16 AM org.apache.coyote.AbstractProtocol destroy
INFO: Destroying ProtocolHandler ["ajp-bio-8009"]
Mar 09, 2018 2:40:13 AM org.apache.catalina.core.StandardServer await
INFO: A valid shutdown command was received via the shutdown port. Stopping the Server instance.
Mar 09, 2018 2:40:13 AM org.apache.coyote.AbstractProtocol pause
INFO: Pausing ProtocolHandler ["http-bio-8080"]
Mar 09, 2018 2:40:13 AM org.apache.coyote.AbstractProtocol pause
INFO: Pausing ProtocolHandler ["ajp-bio-8009"]
Mar 09, 2018 2:40:13 AM org.apache.catalina.core.StandardService stopInternal
INFO: Stopping service Catalina
Mar 09, 2018 2:40:13 AM org.apache.coyote.AbstractProtocol stop
INFO: Stopping ProtocolHandler ["http-bio-8080"]
Mar 09, 2018 2:40:13 AM org.apache.coyote.AbstractProtocol stop
INFO: Stopping ProtocolHandler ["ajp-bio-8009"]
Mar 09, 2018 2:40:13 AM org.apache.coyote.AbstractProtocol destroy
INFO: Destroying ProtocolHandler ["http-bio-8080"]
Mar 09, 2018 2:40:13 AM org.apache.coyote.AbstractProtocol destroy
INFO: Destroying ProtocolHandler ["ajp-bio-8009"]
Mar 09, 2018 2:40:46 AM org.apache.catalina.startup.VersionLoggerListener log
INFO: Server version:        Apache Tomcat/7.0.85
Mar 09, 2018 2:40:46 AM org.apache.catalina.startup.VersionLoggerListener log
INFO: Server built:          Feb 7 2018 18:52:33 UTC
Mar 09, 2018 2:40:46 AM org.apache.catalina.startup.VersionLoggerListener log
INFO: Server number:         7.0.85.0
Mar 09, 2018 2:40:46 AM org.apache.catalina.startup.VersionLoggerListener log
INFO: OS Name:               Linux
Mar 09, 2018 2:40:46 AM org.apache.catalina.startup.VersionLoggerListener log
INFO: OS Version:            3.10.0-693.11.6.el7.x86_64
Mar 09, 2018 2:40:46 AM org.apache.catalina.startup.VersionLoggerListener log
INFO: Architecture:          amd64
Mar 09, 2018 2:40:46 AM org.apache.catalina.startup.VersionLoggerListener log
INFO: Java Home:             /usr/lib/jvm/java-1.8.0-openjdk-1.8.0.161-0.b14.el7_4.x86_64/jre
Mar 09, 2018 2:40:46 AM org.apache.catalina.startup.VersionLoggerListener log
INFO: JVM Version:           1.8.0_161-b14
Mar 09, 2018 2:40:46 AM org.apache.catalina.startup.VersionLoggerListener log
INFO: JVM Vendor:            Oracle Corporation
Mar 09, 2018 2:40:46 AM org.apache.catalina.startup.VersionLoggerListener log
INFO: CATALINA_BASE:         /home/centos/apache-tomcat-7.0.85
Mar 09, 2018 2:40:46 AM org.apache.catalina.startup.VersionLoggerListener log
INFO: CATALINA_HOME:         /home/centos/apache-tomcat-7.0.85
Mar 09, 2018 2:40:46 AM org.apache.catalina.startup.VersionLoggerListener log
INFO: Command line argument: -Djava.util.logging.config.file=/home/centos/apache-tomcat-7.0.85/conf/logging.properties
Mar 09, 2018 2:40:46 AM org.apache.catalina.startup.VersionLoggerListener log
INFO: Command line argument: -Djava.util.logging.manager=org.apache.juli.ClassLoaderLogManager
Mar 09, 2018 2:40:46 AM org.apache.catalina.startup.VersionLoggerListener log
INFO: Command line argument: -Djdk.tls.ephemeralDHKeySize=2048
Mar 09, 2018 2:40:46 AM org.apache.catalina.startup.VersionLoggerListener log
INFO: Command line argument: -Dignore.endorsed.dirs=
Mar 09, 2018 2:40:46 AM org.apache.catalina.startup.VersionLoggerListener log
INFO: Command line argument: -Dcatalina.base=/home/centos/apache-tomcat-7.0.85
Mar 09, 2018 2:40:46 AM org.apache.catalina.startup.VersionLoggerListener log
INFO: Command line argument: -Dcatalina.home=/home/centos/apache-tomcat-7.0.85
Mar 09, 2018 2:40:46 AM org.apache.catalina.startup.VersionLoggerListener log
INFO: Command line argument: -Djava.io.tmpdir=/home/centos/apache-tomcat-7.0.85/temp
Mar 09, 2018 2:40:46 AM org.apache.catalina.core.AprLifecycleListener lifecycleEvent
INFO: The APR based Apache Tomcat Native library which allows optimal performance in production environments was not found on the java.library.path: /usr/java/packages/lib/amd64:/usr/lib64:/lib64:/lib:/usr/lib
Mar 09, 2018 2:40:47 AM org.apache.coyote.AbstractProtocol init
INFO: Initializing ProtocolHandler ["http-bio-8080"]
Mar 09, 2018 2:40:47 AM org.apache.coyote.AbstractProtocol init
INFO: Initializing ProtocolHandler ["ajp-bio-8009"]
Mar 09, 2018 2:40:47 AM org.apache.catalina.startup.Catalina load
INFO: Initialization processed in 1005 ms
Mar 09, 2018 2:40:47 AM org.apache.catalina.core.StandardService startInternal
INFO: Starting service Catalina
Mar 09, 2018 2:40:47 AM org.apache.catalina.core.StandardEngine startInternal
INFO: Starting Servlet Engine: Apache Tomcat/7.0.85
Mar 09, 2018 2:40:47 AM org.apache.catalina.startup.HostConfig deployDirectory
INFO: Deploying web application directory /home/centos/apache-tomcat-7.0.85/webapps/docs
Mar 09, 2018 2:40:47 AM org.apache.catalina.startup.HostConfig deployDirectory
INFO: Deployment of web application directory /home/centos/apache-tomcat-7.0.85/webapps/docs has finished in 564 ms
Mar 09, 2018 2:40:47 AM org.apache.catalina.startup.HostConfig deployDirectory
INFO: Deploying web application directory /home/centos/apache-tomcat-7.0.85/webapps/examples
Mar 09, 2018 2:40:48 AM org.apache.catalina.startup.HostConfig deployDirectory
INFO: Deployment of web application directory /home/centos/apache-tomcat-7.0.85/webapps/examples has finished in 440 ms
Mar 09, 2018 2:40:48 AM org.apache.catalina.startup.HostConfig deployDirectory
INFO: Deploying web application directory /home/centos/apache-tomcat-7.0.85/webapps/host-manager
Mar 09, 2018 2:40:48 AM org.apache.catalina.startup.HostConfig deployDirectory
INFO: Deployment of web application directory /home/centos/apache-tomcat-7.0.85/webapps/host-manager has finished in 237 ms
Mar 09, 2018 2:40:48 AM org.apache.catalina.startup.HostConfig deployDirectory
INFO: Deploying web application directory /home/centos/apache-tomcat-7.0.85/webapps/manager
Mar 09, 2018 2:40:48 AM org.apache.catalina.startup.HostConfig deployDirectory
INFO: Deployment of web application directory /home/centos/apache-tomcat-7.0.85/webapps/manager has finished in 95 ms
Mar 09, 2018 2:40:48 AM org.apache.catalina.startup.HostConfig deployDirectory
INFO: Deploying web application directory /home/centos/apache-tomcat-7.0.85/webapps/ROOT
Mar 09, 2018 2:40:48 AM org.apache.catalina.startup.HostConfig deployDirectory
INFO: Deployment of web application directory /home/centos/apache-tomcat-7.0.85/webapps/ROOT has finished in 73 ms
Mar 09, 2018 2:40:48 AM org.apache.coyote.AbstractProtocol start
INFO: Starting ProtocolHandler ["http-bio-8080"]
Mar 09, 2018 2:40:48 AM org.apache.coyote.AbstractProtocol start
INFO: Starting ProtocolHandler ["ajp-bio-8009"]
Mar 09, 2018 2:40:48 AM org.apache.catalina.startup.Catalina start
INFO: Server startup in 1524 ms
Mar 09, 2018 2:54:03 AM org.apache.catalina.realm.LockOutRealm filterLockedAccounts
WARNING: An attempt was made to authenticate the locked user "tomcat"
Mar 09, 2018 2:54:16 AM org.apache.catalina.realm.LockOutRealm filterLockedAccounts
WARNING: An attempt was made to authenticate the locked user "tomcat"
Mar 09, 2018 4:54:37 PM org.apache.catalina.startup.VersionLoggerListener log
INFO: Server version:        Apache Tomcat/7.0.85
Mar 09, 2018 4:54:37 PM org.apache.catalina.startup.VersionLoggerListener log
INFO: Server built:          Feb 7 2018 18:52:33 UTC
Mar 09, 2018 4:54:37 PM org.apache.catalina.startup.VersionLoggerListener log
INFO: Server number:         7.0.85.0
Mar 09, 2018 4:54:37 PM org.apache.catalina.startup.VersionLoggerListener log
INFO: OS Name:               Linux
Mar 09, 2018 4:54:37 PM org.apache.catalina.startup.VersionLoggerListener log
INFO: OS Version:            3.10.0-693.11.6.el7.x86_64
Mar 09, 2018 4:54:37 PM org.apache.catalina.startup.VersionLoggerListener log
INFO: Architecture:          amd64
Mar 09, 2018 4:54:37 PM org.apache.catalina.startup.VersionLoggerListener log
INFO: Java Home:             /usr/lib/jvm/java-1.8.0-openjdk-1.8.0.161-0.b14.el7_4.x86_64/jre
Mar 09, 2018 4:54:37 PM org.apache.catalina.startup.VersionLoggerListener log
INFO: JVM Version:           1.8.0_161-b14
Mar 09, 2018 4:54:37 PM org.apache.catalina.startup.VersionLoggerListener log
INFO: JVM Vendor:            Oracle Corporation
Mar 09, 2018 4:54:37 PM org.apache.catalina.startup.VersionLoggerListener log
INFO: CATALINA_BASE:         /home/centos/apache-tomcat-7.0.85
Mar 09, 2018 4:54:37 PM org.apache.catalina.startup.VersionLoggerListener log
INFO: CATALINA_HOME:         /home/centos/apache-tomcat-7.0.85
Mar 09, 2018 4:54:37 PM org.apache.catalina.startup.VersionLoggerListener log
INFO: Command line argument: -Djava.util.logging.config.file=/home/centos/apache-tomcat-7.0.85/conf/logging.properties
Mar 09, 2018 4:54:37 PM org.apache.catalina.startup.VersionLoggerListener log
INFO: Command line argument: -Djava.util.logging.manager=org.apache.juli.ClassLoaderLogManager
Mar 09, 2018 4:54:37 PM org.apache.catalina.startup.VersionLoggerListener log
INFO: Command line argument: -Djdk.tls.ephemeralDHKeySize=2048
Mar 09, 2018 4:54:37 PM org.apache.catalina.startup.VersionLoggerListener log
INFO: Command line argument: -Dignore.endorsed.dirs=
Mar 09, 2018 4:54:37 PM org.apache.catalina.startup.VersionLoggerListener log
INFO: Command line argument: -Dcatalina.base=/home/centos/apache-tomcat-7.0.85
Mar 09, 2018 4:54:37 PM org.apache.catalina.startup.VersionLoggerListener log
INFO: Command line argument: -Dcatalina.home=/home/centos/apache-tomcat-7.0.85
Mar 09, 2018 4:54:37 PM org.apache.catalina.startup.VersionLoggerListener log
INFO: Command line argument: -Djava.io.tmpdir=/home/centos/apache-tomcat-7.0.85/temp
Mar 09, 2018 4:54:37 PM org.apache.catalina.core.AprLifecycleListener lifecycleEvent
INFO: The APR based Apache Tomcat Native library which allows optimal performance in production environments was not found on the java.library.path: /usr/java/packages/lib/amd64:/usr/lib64:/lib64:/lib:/usr/lib
Mar 09, 2018 4:54:37 PM org.apache.coyote.AbstractProtocol init
INFO: Initializing ProtocolHandler ["http-bio-8080"]
Mar 09, 2018 4:54:37 PM org.apache.coyote.AbstractProtocol init
INFO: Initializing ProtocolHandler ["ajp-bio-8009"]
Mar 09, 2018 4:54:37 PM org.apache.catalina.startup.Catalina load
INFO: Initialization processed in 1266 ms
Mar 09, 2018 4:54:37 PM org.apache.tomcat.util.digester.Digester fatalError
SEVERE: Parse Fatal Error at line 42 column 35: The value of attribute "password" associated with an element type "user" must not contain the '<' character.
org.xml.sax.SAXParseException; lineNumber: 42; columnNumber: 35; The value of attribute "password" associated with an element type "user" must not contain the '<' character.
	at com.sun.org.apache.xerces.internal.util.ErrorHandlerWrapper.createSAXParseException(ErrorHandlerWrapper.java:203)
	at com.sun.org.apache.xerces.internal.util.ErrorHandlerWrapper.fatalError(ErrorHandlerWrapper.java:177)
	at com.sun.org.apache.xerces.internal.impl.XMLErrorReporter.reportError(XMLErrorReporter.java:400)
	at com.sun.org.apache.xerces.internal.impl.XMLErrorReporter.reportError(XMLErrorReporter.java:327)
	at com.sun.org.apache.xerces.internal.impl.XMLScanner.reportFatalError(XMLScanner.java:1472)
	at com.sun.org.apache.xerces.internal.impl.XMLScanner.scanAttributeValue(XMLScanner.java:944)
	at com.sun.org.apache.xerces.internal.impl.XMLDocumentFragmentScannerImpl.scanAttribute(XMLDocumentFragmentScannerImpl.java:1548)
	at com.sun.org.apache.xerces.internal.impl.XMLDocumentFragmentScannerImpl.scanStartElement(XMLDocumentFragmentScannerImpl.java:1315)
	at com.sun.org.apache.xerces.internal.impl.XMLDocumentFragmentScannerImpl$FragmentContentDriver.next(XMLDocumentFragmentScannerImpl.java:2784)
	at com.sun.org.apache.xerces.internal.impl.XMLDocumentScannerImpl.next(XMLDocumentScannerImpl.java:602)
	at com.sun.org.apache.xerces.internal.impl.XMLDocumentFragmentScannerImpl.scanDocument(XMLDocumentFragmentScannerImpl.java:505)
	at com.sun.org.apache.xerces.internal.parsers.XML11Configuration.parse(XML11Configuration.java:842)
	at com.sun.org.apache.xerces.internal.parsers.XML11Configuration.parse(XML11Configuration.java:771)
	at com.sun.org.apache.xerces.internal.parsers.XMLParser.parse(XMLParser.java:141)
	at com.sun.org.apache.xerces.internal.parsers.AbstractSAXParser.parse(AbstractSAXParser.java:1213)
	at com.sun.org.apache.xerces.internal.jaxp.SAXParserImpl$JAXPSAXParser.parse(SAXParserImpl.java:643)
	at org.apache.tomcat.util.digester.Digester.parse(Digester.java:1595)
	at org.apache.catalina.users.MemoryUserDatabase.open(MemoryUserDatabase.java:424)
	at org.apache.catalina.users.MemoryUserDatabaseFactory.getObjectInstance(MemoryUserDatabaseFactory.java:102)
	at org.apache.naming.factory.ResourceFactory.getObjectInstance(ResourceFactory.java:141)
	at javax.naming.spi.NamingManager.getObjectInstance(NamingManager.java:321)
	at org.apache.naming.NamingContext.lookup(NamingContext.java:848)
	at org.apache.naming.NamingContext.lookup(NamingContext.java:159)
	at org.apache.naming.NamingContextBindingsEnumeration.nextElementInternal(NamingContextBindingsEnumeration.java:117)
	at org.apache.naming.NamingContextBindingsEnumeration.next(NamingContextBindingsEnumeration.java:71)
	at org.apache.naming.NamingContextBindingsEnumeration.next(NamingContextBindingsEnumeration.java:34)
	at org.apache.catalina.mbeans.GlobalResourcesLifecycleListener.createMBeans(GlobalResourcesLifecycleListener.java:138)
	at org.apache.catalina.mbeans.GlobalResourcesLifecycleListener.createMBeans(GlobalResourcesLifecycleListener.java:110)
	at org.apache.catalina.mbeans.GlobalResourcesLifecycleListener.lifecycleEvent(GlobalResourcesLifecycleListener.java:82)
	at org.apache.catalina.util.LifecycleSupport.fireLifecycleEvent(LifecycleSupport.java:117)
	at org.apache.catalina.util.LifecycleBase.fireLifecycleEvent(LifecycleBase.java:90)
	at org.apache.catalina.util.LifecycleBase.setStateInternal(LifecycleBase.java:388)
	at org.apache.catalina.util.LifecycleBase.setState(LifecycleBase.java:333)
	at org.apache.catalina.core.StandardServer.startInternal(StandardServer.java:751)
	at org.apache.catalina.util.LifecycleBase.start(LifecycleBase.java:145)
	at org.apache.catalina.startup.Catalina.start(Catalina.java:705)
	at sun.reflect.NativeMethodAccessorImpl.invoke0(Native Method)
	at sun.reflect.NativeMethodAccessorImpl.invoke(NativeMethodAccessorImpl.java:62)
	at sun.reflect.DelegatingMethodAccessorImpl.invoke(DelegatingMethodAccessorImpl.java:43)
	at java.lang.reflect.Method.invoke(Method.java:498)
	at org.apache.catalina.startup.Bootstrap.start(Bootstrap.java:294)
	at org.apache.catalina.startup.Bootstrap.main(Bootstrap.java:428)

Mar 09, 2018 4:54:37 PM org.apache.naming.NamingContext lookup
WARNING: Unexpected exception resolving reference
org.xml.sax.SAXParseException; lineNumber: 42; columnNumber: 35; The value of attribute "password" associated with an element type "user" must not contain the '<' character.
	at com.sun.org.apache.xerces.internal.parsers.AbstractSAXParser.parse(AbstractSAXParser.java:1239)
	at com.sun.org.apache.xerces.internal.jaxp.SAXParserImpl$JAXPSAXParser.parse(SAXParserImpl.java:643)
	at org.apache.tomcat.util.digester.Digester.parse(Digester.java:1595)
	at org.apache.catalina.users.MemoryUserDatabase.open(MemoryUserDatabase.java:424)
	at org.apache.catalina.users.MemoryUserDatabaseFactory.getObjectInstance(MemoryUserDatabaseFactory.java:102)
	at org.apache.naming.factory.ResourceFactory.getObjectInstance(ResourceFactory.java:141)
	at javax.naming.spi.NamingManager.getObjectInstance(NamingManager.java:321)
	at org.apache.naming.NamingContext.lookup(NamingContext.java:848)
	at org.apache.naming.NamingContext.lookup(NamingContext.java:159)
	at org.apache.naming.NamingContextBindingsEnumeration.nextElementInternal(NamingContextBindingsEnumeration.java:117)
	at org.apache.naming.NamingContextBindingsEnumeration.next(NamingContextBindingsEnumeration.java:71)
	at org.apache.naming.NamingContextBindingsEnumeration.next(NamingContextBindingsEnumeration.java:34)
	at org.apache.catalina.mbeans.GlobalResourcesLifecycleListener.createMBeans(GlobalResourcesLifecycleListener.java:138)
	at org.apache.catalina.mbeans.GlobalResourcesLifecycleListener.createMBeans(GlobalResourcesLifecycleListener.java:110)
	at org.apache.catalina.mbeans.GlobalResourcesLifecycleListener.lifecycleEvent(GlobalResourcesLifecycleListener.java:82)
	at org.apache.catalina.util.LifecycleSupport.fireLifecycleEvent(LifecycleSupport.java:117)
	at org.apache.catalina.util.LifecycleBase.fireLifecycleEvent(LifecycleBase.java:90)
	at org.apache.catalina.util.LifecycleBase.setStateInternal(LifecycleBase.java:388)
	at org.apache.catalina.util.LifecycleBase.setState(LifecycleBase.java:333)
	at org.apache.catalina.core.StandardServer.startInternal(StandardServer.java:751)
	at org.apache.catalina.util.LifecycleBase.start(LifecycleBase.java:145)
	at org.apache.catalina.startup.Catalina.start(Catalina.java:705)
	at sun.reflect.NativeMethodAccessorImpl.invoke0(Native Method)
	at sun.reflect.NativeMethodAccessorImpl.invoke(NativeMethodAccessorImpl.java:62)
	at sun.reflect.DelegatingMethodAccessorImpl.invoke(DelegatingMethodAccessorImpl.java:43)
	at java.lang.reflect.Method.invoke(Method.java:498)
	at org.apache.catalina.startup.Bootstrap.start(Bootstrap.java:294)
	at org.apache.catalina.startup.Bootstrap.main(Bootstrap.java:428)

Mar 09, 2018 4:54:37 PM org.apache.catalina.mbeans.GlobalResourcesLifecycleListener createMBeans
SEVERE: Exception processing Global JNDI Resources
javax.naming.NamingException: Unexpected exception resolving reference [Root exception is org.xml.sax.SAXParseException; lineNumber: 42; columnNumber: 35; The value of attribute "password" associated with an element type "user" must not contain the '<' character.]
	at org.apache.naming.NamingContext.lookup(NamingContext.java:865)
	at org.apache.naming.NamingContext.lookup(NamingContext.java:159)
	at org.apache.naming.NamingContextBindingsEnumeration.nextElementInternal(NamingContextBindingsEnumeration.java:117)
	at org.apache.naming.NamingContextBindingsEnumeration.next(NamingContextBindingsEnumeration.java:71)
	at org.apache.naming.NamingContextBindingsEnumeration.next(NamingContextBindingsEnumeration.java:34)
	at org.apache.catalina.mbeans.GlobalResourcesLifecycleListener.createMBeans(GlobalResourcesLifecycleListener.java:138)
	at org.apache.catalina.mbeans.GlobalResourcesLifecycleListener.createMBeans(GlobalResourcesLifecycleListener.java:110)
	at org.apache.catalina.mbeans.GlobalResourcesLifecycleListener.lifecycleEvent(GlobalResourcesLifecycleListener.java:82)
	at org.apache.catalina.util.LifecycleSupport.fireLifecycleEvent(LifecycleSupport.java:117)
	at org.apache.catalina.util.LifecycleBase.fireLifecycleEvent(LifecycleBase.java:90)
	at org.apache.catalina.util.LifecycleBase.setStateInternal(LifecycleBase.java:388)
	at org.apache.catalina.util.LifecycleBase.setState(LifecycleBase.java:333)
	at org.apache.catalina.core.StandardServer.startInternal(StandardServer.java:751)
	at org.apache.catalina.util.LifecycleBase.start(LifecycleBase.java:145)
	at org.apache.catalina.startup.Catalina.start(Catalina.java:705)
	at sun.reflect.NativeMethodAccessorImpl.invoke0(Native Method)
	at sun.reflect.NativeMethodAccessorImpl.invoke(NativeMethodAccessorImpl.java:62)
	at sun.reflect.DelegatingMethodAccessorImpl.invoke(DelegatingMethodAccessorImpl.java:43)
	at java.lang.reflect.Method.invoke(Method.java:498)
	at org.apache.catalina.startup.Bootstrap.start(Bootstrap.java:294)
	at org.apache.catalina.startup.Bootstrap.main(Bootstrap.java:428)
Caused by: org.xml.sax.SAXParseException; lineNumber: 42; columnNumber: 35; The value of attribute "password" associated with an element type "user" must not contain the '<' character.
	at com.sun.org.apache.xerces.internal.parsers.AbstractSAXParser.parse(AbstractSAXParser.java:1239)
	at com.sun.org.apache.xerces.internal.jaxp.SAXParserImpl$JAXPSAXParser.parse(SAXParserImpl.java:643)
	at org.apache.tomcat.util.digester.Digester.parse(Digester.java:1595)
	at org.apache.catalina.users.MemoryUserDatabase.open(MemoryUserDatabase.java:424)
	at org.apache.catalina.users.MemoryUserDatabaseFactory.getObjectInstance(MemoryUserDatabaseFactory.java:102)
	at org.apache.naming.factory.ResourceFactory.getObjectInstance(ResourceFactory.java:141)
	at javax.naming.spi.NamingManager.getObjectInstance(NamingManager.java:321)
	at org.apache.naming.NamingContext.lookup(NamingContext.java:848)
	... 20 more

Mar 09, 2018 4:54:37 PM org.apache.catalina.core.StandardService startInternal
INFO: Starting service Catalina
Mar 09, 2018 4:54:37 PM org.apache.catalina.core.StandardEngine startInternal
INFO: Starting Servlet Engine: Apache Tomcat/7.0.85
Mar 09, 2018 4:54:37 PM org.apache.tomcat.util.digester.Digester fatalError
SEVERE: Parse Fatal Error at line 42 column 35: The value of attribute "password" associated with an element type "user" must not contain the '<' character.
org.xml.sax.SAXParseException; lineNumber: 42; columnNumber: 35; The value of attribute "password" associated with an element type "user" must not contain the '<' character.
	at com.sun.org.apache.xerces.internal.util.ErrorHandlerWrapper.createSAXParseException(ErrorHandlerWrapper.java:203)
	at com.sun.org.apache.xerces.internal.util.ErrorHandlerWrapper.fatalError(ErrorHandlerWrapper.java:177)
	at com.sun.org.apache.xerces.internal.impl.XMLErrorReporter.reportError(XMLErrorReporter.java:400)
	at com.sun.org.apache.xerces.internal.impl.XMLErrorReporter.reportError(XMLErrorReporter.java:327)
	at com.sun.org.apache.xerces.internal.impl.XMLScanner.reportFatalError(XMLScanner.java:1472)
	at com.sun.org.apache.xerces.internal.impl.XMLScanner.scanAttributeValue(XMLScanner.java:944)
	at com.sun.org.apache.xerces.internal.impl.XMLDocumentFragmentScannerImpl.scanAttribute(XMLDocumentFragmentScannerImpl.java:1548)
	at com.sun.org.apache.xerces.internal.impl.XMLDocumentFragmentScannerImpl.scanStartElement(XMLDocumentFragmentScannerImpl.java:1315)
	at com.sun.org.apache.xerces.internal.impl.XMLDocumentFragmentScannerImpl$FragmentContentDriver.next(XMLDocumentFragmentScannerImpl.java:2784)
	at com.sun.org.apache.xerces.internal.impl.XMLDocumentScannerImpl.next(XMLDocumentScannerImpl.java:602)
	at com.sun.org.apache.xerces.internal.impl.XMLDocumentFragmentScannerImpl.scanDocument(XMLDocumentFragmentScannerImpl.java:505)
	at com.sun.org.apache.xerces.internal.parsers.XML11Configuration.parse(XML11Configuration.java:842)
	at com.sun.org.apache.xerces.internal.parsers.XML11Configuration.parse(XML11Configuration.java:771)
	at com.sun.org.apache.xerces.internal.parsers.XMLParser.parse(XMLParser.java:141)
	at com.sun.org.apache.xerces.internal.parsers.AbstractSAXParser.parse(AbstractSAXParser.java:1213)
	at com.sun.org.apache.xerces.internal.jaxp.SAXParserImpl$JAXPSAXParser.parse(SAXParserImpl.java:643)
	at org.apache.tomcat.util.digester.Digester.parse(Digester.java:1595)
	at org.apache.catalina.users.MemoryUserDatabase.open(MemoryUserDatabase.java:424)
	at org.apache.catalina.users.MemoryUserDatabaseFactory.getObjectInstance(MemoryUserDatabaseFactory.java:102)
	at org.apache.naming.factory.ResourceFactory.getObjectInstance(ResourceFactory.java:141)
	at javax.naming.spi.NamingManager.getObjectInstance(NamingManager.java:321)
	at org.apache.naming.NamingContext.lookup(NamingContext.java:848)
	at org.apache.naming.NamingContext.lookup(NamingContext.java:173)
	at org.apache.catalina.realm.UserDatabaseRealm.startInternal(UserDatabaseRealm.java:253)
	at org.apache.catalina.util.LifecycleBase.start(LifecycleBase.java:145)
	at org.apache.catalina.realm.CombinedRealm.startInternal(CombinedRealm.java:236)
	at org.apache.catalina.realm.LockOutRealm.startInternal(LockOutRealm.java:120)
	at org.apache.catalina.util.LifecycleBase.start(LifecycleBase.java:145)
	at org.apache.catalina.core.ContainerBase.startInternal(ContainerBase.java:1224)
	at org.apache.catalina.core.StandardEngine.startInternal(StandardEngine.java:300)
	at org.apache.catalina.util.LifecycleBase.start(LifecycleBase.java:145)
	at org.apache.catalina.core.StandardService.startInternal(StandardService.java:444)
	at org.apache.catalina.util.LifecycleBase.start(LifecycleBase.java:145)
	at org.apache.catalina.core.StandardServer.startInternal(StandardServer.java:758)
	at org.apache.catalina.util.LifecycleBase.start(LifecycleBase.java:145)
	at org.apache.catalina.startup.Catalina.start(Catalina.java:705)
	at sun.reflect.NativeMethodAccessorImpl.invoke0(Native Method)
	at sun.reflect.NativeMethodAccessorImpl.invoke(NativeMethodAccessorImpl.java:62)
	at sun.reflect.DelegatingMethodAccessorImpl.invoke(DelegatingMethodAccessorImpl.java:43)
	at java.lang.reflect.Method.invoke(Method.java:498)
	at org.apache.catalina.startup.Bootstrap.start(Bootstrap.java:294)
	at org.apache.catalina.startup.Bootstrap.main(Bootstrap.java:428)

Mar 09, 2018 4:54:37 PM org.apache.naming.NamingContext lookup
WARNING: Unexpected exception resolving reference
org.xml.sax.SAXParseException; lineNumber: 42; columnNumber: 35; The value of attribute "password" associated with an element type "user" must not contain the '<' character.
	at com.sun.org.apache.xerces.internal.parsers.AbstractSAXParser.parse(AbstractSAXParser.java:1239)
	at com.sun.org.apache.xerces.internal.jaxp.SAXParserImpl$JAXPSAXParser.parse(SAXParserImpl.java:643)
	at org.apache.tomcat.util.digester.Digester.parse(Digester.java:1595)
	at org.apache.catalina.users.MemoryUserDatabase.open(MemoryUserDatabase.java:424)
	at org.apache.catalina.users.MemoryUserDatabaseFactory.getObjectInstance(MemoryUserDatabaseFactory.java:102)
	at org.apache.naming.factory.ResourceFactory.getObjectInstance(ResourceFactory.java:141)
	at javax.naming.spi.NamingManager.getObjectInstance(NamingManager.java:321)
	at org.apache.naming.NamingContext.lookup(NamingContext.java:848)
	at org.apache.naming.NamingContext.lookup(NamingContext.java:173)
	at org.apache.catalina.realm.UserDatabaseRealm.startInternal(UserDatabaseRealm.java:253)
	at org.apache.catalina.util.LifecycleBase.start(LifecycleBase.java:145)
	at org.apache.catalina.realm.CombinedRealm.startInternal(CombinedRealm.java:236)
	at org.apache.catalina.realm.LockOutRealm.startInternal(LockOutRealm.java:120)
	at org.apache.catalina.util.LifecycleBase.start(LifecycleBase.java:145)
	at org.apache.catalina.core.ContainerBase.startInternal(ContainerBase.java:1224)
	at org.apache.catalina.core.StandardEngine.startInternal(StandardEngine.java:300)
	at org.apache.catalina.util.LifecycleBase.start(LifecycleBase.java:145)
	at org.apache.catalina.core.StandardService.startInternal(StandardService.java:444)
	at org.apache.catalina.util.LifecycleBase.start(LifecycleBase.java:145)
	at org.apache.catalina.core.StandardServer.startInternal(StandardServer.java:758)
	at org.apache.catalina.util.LifecycleBase.start(LifecycleBase.java:145)
	at org.apache.catalina.startup.Catalina.start(Catalina.java:705)
	at sun.reflect.NativeMethodAccessorImpl.invoke0(Native Method)
	at sun.reflect.NativeMethodAccessorImpl.invoke(NativeMethodAccessorImpl.java:62)
	at sun.reflect.DelegatingMethodAccessorImpl.invoke(DelegatingMethodAccessorImpl.java:43)
	at java.lang.reflect.Method.invoke(Method.java:498)
	at org.apache.catalina.startup.Bootstrap.start(Bootstrap.java:294)
	at org.apache.catalina.startup.Bootstrap.main(Bootstrap.java:428)

Mar 09, 2018 4:54:37 PM org.apache.catalina.realm.UserDatabaseRealm startInternal
SEVERE: Exception looking up UserDatabase under key UserDatabase
javax.naming.NamingException: Unexpected exception resolving reference [Root exception is org.xml.sax.SAXParseException; lineNumber: 42; columnNumber: 35; The value of attribute "password" associated with an element type "user" must not contain the '<' character.]
	at org.apache.naming.NamingContext.lookup(NamingContext.java:865)
	at org.apache.naming.NamingContext.lookup(NamingContext.java:173)
	at org.apache.catalina.realm.UserDatabaseRealm.startInternal(UserDatabaseRealm.java:253)
	at org.apache.catalina.util.LifecycleBase.start(LifecycleBase.java:145)
	at org.apache.catalina.realm.CombinedRealm.startInternal(CombinedRealm.java:236)
	at org.apache.catalina.realm.LockOutRealm.startInternal(LockOutRealm.java:120)
	at org.apache.catalina.util.LifecycleBase.start(LifecycleBase.java:145)
	at org.apache.catalina.core.ContainerBase.startInternal(ContainerBase.java:1224)
	at org.apache.catalina.core.StandardEngine.startInternal(StandardEngine.java:300)
	at org.apache.catalina.util.LifecycleBase.start(LifecycleBase.java:145)
	at org.apache.catalina.core.StandardService.startInternal(StandardService.java:444)
	at org.apache.catalina.util.LifecycleBase.start(LifecycleBase.java:145)
	at org.apache.catalina.core.StandardServer.startInternal(StandardServer.java:758)
	at org.apache.catalina.util.LifecycleBase.start(LifecycleBase.java:145)
	at org.apache.catalina.startup.Catalina.start(Catalina.java:705)
	at sun.reflect.NativeMethodAccessorImpl.invoke0(Native Method)
	at sun.reflect.NativeMethodAccessorImpl.invoke(NativeMethodAccessorImpl.java:62)
	at sun.reflect.DelegatingMethodAccessorImpl.invoke(DelegatingMethodAccessorImpl.java:43)
	at java.lang.reflect.Method.invoke(Method.java:498)
	at org.apache.catalina.startup.Bootstrap.start(Bootstrap.java:294)
	at org.apache.catalina.startup.Bootstrap.main(Bootstrap.java:428)
Caused by: org.xml.sax.SAXParseException; lineNumber: 42; columnNumber: 35; The value of attribute "password" associated with an element type "user" must not contain the '<' character.
	at com.sun.org.apache.xerces.internal.parsers.AbstractSAXParser.parse(AbstractSAXParser.java:1239)
	at com.sun.org.apache.xerces.internal.jaxp.SAXParserImpl$JAXPSAXParser.parse(SAXParserImpl.java:643)
	at org.apache.tomcat.util.digester.Digester.parse(Digester.java:1595)
	at org.apache.catalina.users.MemoryUserDatabase.open(MemoryUserDatabase.java:424)
	at org.apache.catalina.users.MemoryUserDatabaseFactory.getObjectInstance(MemoryUserDatabaseFactory.java:102)
	at org.apache.naming.factory.ResourceFactory.getObjectInstance(ResourceFactory.java:141)
	at javax.naming.spi.NamingManager.getObjectInstance(NamingManager.java:321)
	at org.apache.naming.NamingContext.lookup(NamingContext.java:848)
	... 20 more

Mar 09, 2018 4:54:37 PM org.apache.catalina.realm.CombinedRealm startInternal
SEVERE: Failed to start "org.apache.catalina.realm.UserDatabaseRealm/1.0" realm
org.apache.catalina.LifecycleException: Failed to start component [Realm[UserDatabaseRealm]]
	at org.apache.catalina.util.LifecycleBase.start(LifecycleBase.java:162)
	at org.apache.catalina.realm.CombinedRealm.startInternal(CombinedRealm.java:236)
	at org.apache.catalina.realm.LockOutRealm.startInternal(LockOutRealm.java:120)
	at org.apache.catalina.util.LifecycleBase.start(LifecycleBase.java:145)
	at org.apache.catalina.core.ContainerBase.startInternal(ContainerBase.java:1224)
	at org.apache.catalina.core.StandardEngine.startInternal(StandardEngine.java:300)
	at org.apache.catalina.util.LifecycleBase.start(LifecycleBase.java:145)
	at org.apache.catalina.core.StandardService.startInternal(StandardService.java:444)
	at org.apache.catalina.util.LifecycleBase.start(LifecycleBase.java:145)
	at org.apache.catalina.core.StandardServer.startInternal(StandardServer.java:758)
	at org.apache.catalina.util.LifecycleBase.start(LifecycleBase.java:145)
	at org.apache.catalina.startup.Catalina.start(Catalina.java:705)
	at sun.reflect.NativeMethodAccessorImpl.invoke0(Native Method)
	at sun.reflect.NativeMethodAccessorImpl.invoke(NativeMethodAccessorImpl.java:62)
	at sun.reflect.DelegatingMethodAccessorImpl.invoke(DelegatingMethodAccessorImpl.java:43)
	at java.lang.reflect.Method.invoke(Method.java:498)
	at org.apache.catalina.startup.Bootstrap.start(Bootstrap.java:294)
	at org.apache.catalina.startup.Bootstrap.main(Bootstrap.java:428)
Caused by: org.apache.catalina.LifecycleException: No UserDatabase component found under key UserDatabase
	at org.apache.catalina.realm.UserDatabaseRealm.startInternal(UserDatabaseRealm.java:262)
	at org.apache.catalina.util.LifecycleBase.start(LifecycleBase.java:145)
	... 17 more

Mar 09, 2018 4:54:37 PM org.apache.catalina.startup.HostConfig deployDirectory
INFO: Deploying web application directory /home/centos/apache-tomcat-7.0.85/webapps/docs
Mar 09, 2018 4:54:38 PM org.apache.catalina.startup.HostConfig deployDirectory
INFO: Deployment of web application directory /home/centos/apache-tomcat-7.0.85/webapps/docs has finished in 597 ms
Mar 09, 2018 4:54:38 PM org.apache.catalina.startup.HostConfig deployDirectory
INFO: Deploying web application directory /home/centos/apache-tomcat-7.0.85/webapps/examples
Mar 09, 2018 4:54:38 PM org.apache.catalina.startup.HostConfig deployDirectory
INFO: Deployment of web application directory /home/centos/apache-tomcat-7.0.85/webapps/examples has finished in 533 ms
Mar 09, 2018 4:54:38 PM org.apache.catalina.startup.HostConfig deployDirectory
INFO: Deploying web application directory /home/centos/apache-tomcat-7.0.85/webapps/host-manager
Mar 09, 2018 4:54:39 PM org.apache.catalina.startup.HostConfig deployDirectory
INFO: Deployment of web application directory /home/centos/apache-tomcat-7.0.85/webapps/host-manager has finished in 373 ms
Mar 09, 2018 4:54:39 PM org.apache.catalina.startup.HostConfig deployDirectory
INFO: Deploying web application directory /home/centos/apache-tomcat-7.0.85/webapps/manager
Mar 09, 2018 4:54:39 PM org.apache.catalina.startup.HostConfig deployDirectory
INFO: Deployment of web application directory /home/centos/apache-tomcat-7.0.85/webapps/manager has finished in 126 ms
Mar 09, 2018 4:54:39 PM org.apache.catalina.startup.HostConfig deployDirectory
INFO: Deploying web application directory /home/centos/apache-tomcat-7.0.85/webapps/ROOT
Mar 09, 2018 4:54:39 PM org.apache.catalina.startup.HostConfig deployDirectory
INFO: Deployment of web application directory /home/centos/apache-tomcat-7.0.85/webapps/ROOT has finished in 79 ms
Mar 09, 2018 4:54:39 PM org.apache.coyote.AbstractProtocol start
INFO: Starting ProtocolHandler ["http-bio-8080"]
Mar 09, 2018 4:54:39 PM org.apache.coyote.AbstractProtocol start
INFO: Starting ProtocolHandler ["ajp-bio-8009"]
Mar 09, 2018 4:54:39 PM org.apache.catalina.startup.Catalina start
INFO: Server startup in 1881 ms
Mar 09, 2018 5:11:27 PM org.apache.catalina.core.StandardServer await
INFO: A valid shutdown command was received via the shutdown port. Stopping the Server instance.
Mar 09, 2018 5:11:27 PM org.apache.coyote.AbstractProtocol pause
INFO: Pausing ProtocolHandler ["http-bio-8080"]
Mar 09, 2018 5:11:27 PM org.apache.coyote.AbstractProtocol pause
INFO: Pausing ProtocolHandler ["ajp-bio-8009"]
Mar 09, 2018 5:11:27 PM org.apache.catalina.core.StandardService stopInternal
INFO: Stopping service Catalina
Mar 09, 2018 5:11:27 PM org.apache.coyote.AbstractProtocol stop
INFO: Stopping ProtocolHandler ["http-bio-8080"]
Mar 09, 2018 5:11:27 PM org.apache.coyote.AbstractProtocol stop
INFO: Stopping ProtocolHandler ["ajp-bio-8009"]
Mar 09, 2018 5:11:27 PM org.apache.coyote.AbstractProtocol destroy
INFO: Destroying ProtocolHandler ["http-bio-8080"]
Mar 09, 2018 5:11:27 PM org.apache.coyote.AbstractProtocol destroy
INFO: Destroying ProtocolHandler ["ajp-bio-8009"]
Mar 09, 2018 5:12:01 PM org.apache.catalina.startup.VersionLoggerListener log
INFO: Server version:        Apache Tomcat/7.0.85
Mar 09, 2018 5:12:01 PM org.apache.catalina.startup.VersionLoggerListener log
INFO: Server built:          Feb 7 2018 18:52:33 UTC
Mar 09, 2018 5:12:01 PM org.apache.catalina.startup.VersionLoggerListener log
INFO: Server number:         7.0.85.0
Mar 09, 2018 5:12:01 PM org.apache.catalina.startup.VersionLoggerListener log
INFO: OS Name:               Linux
Mar 09, 2018 5:12:01 PM org.apache.catalina.startup.VersionLoggerListener log
INFO: OS Version:            3.10.0-693.11.6.el7.x86_64
Mar 09, 2018 5:12:01 PM org.apache.catalina.startup.VersionLoggerListener log
INFO: Architecture:          amd64
Mar 09, 2018 5:12:01 PM org.apache.catalina.startup.VersionLoggerListener log
INFO: Java Home:             /usr/lib/jvm/java-1.8.0-openjdk-1.8.0.161-0.b14.el7_4.x86_64/jre
Mar 09, 2018 5:12:01 PM org.apache.catalina.startup.VersionLoggerListener log
INFO: JVM Version:           1.8.0_161-b14
Mar 09, 2018 5:12:01 PM org.apache.catalina.startup.VersionLoggerListener log
INFO: JVM Vendor:            Oracle Corporation
Mar 09, 2018 5:12:01 PM org.apache.catalina.startup.VersionLoggerListener log
INFO: CATALINA_BASE:         /home/centos/apache-tomcat-7.0.85
Mar 09, 2018 5:12:01 PM org.apache.catalina.startup.VersionLoggerListener log
INFO: CATALINA_HOME:         /home/centos/apache-tomcat-7.0.85
Mar 09, 2018 5:12:01 PM org.apache.catalina.startup.VersionLoggerListener log
INFO: Command line argument: -Djava.util.logging.config.file=/home/centos/apache-tomcat-7.0.85/conf/logging.properties
Mar 09, 2018 5:12:01 PM org.apache.catalina.startup.VersionLoggerListener log
INFO: Command line argument: -Djava.util.logging.manager=org.apache.juli.ClassLoaderLogManager
Mar 09, 2018 5:12:01 PM org.apache.catalina.startup.VersionLoggerListener log
INFO: Command line argument: -Djdk.tls.ephemeralDHKeySize=2048
Mar 09, 2018 5:12:01 PM org.apache.catalina.startup.VersionLoggerListener log
INFO: Command line argument: -Dignore.endorsed.dirs=
Mar 09, 2018 5:12:01 PM org.apache.catalina.startup.VersionLoggerListener log
INFO: Command line argument: -Dcatalina.base=/home/centos/apache-tomcat-7.0.85
Mar 09, 2018 5:12:01 PM org.apache.catalina.startup.VersionLoggerListener log
INFO: Command line argument: -Dcatalina.home=/home/centos/apache-tomcat-7.0.85
Mar 09, 2018 5:12:01 PM org.apache.catalina.startup.VersionLoggerListener log
INFO: Command line argument: -Djava.io.tmpdir=/home/centos/apache-tomcat-7.0.85/temp
Mar 09, 2018 5:12:01 PM org.apache.catalina.core.AprLifecycleListener lifecycleEvent
INFO: The APR based Apache Tomcat Native library which allows optimal performance in production environments was not found on the java.library.path: /usr/java/packages/lib/amd64:/usr/lib64:/lib64:/lib:/usr/lib
Mar 09, 2018 5:12:01 PM org.apache.coyote.AbstractProtocol init
INFO: Initializing ProtocolHandler ["http-bio-8080"]
Mar 09, 2018 5:12:01 PM org.apache.coyote.AbstractProtocol init
INFO: Initializing ProtocolHandler ["ajp-bio-8009"]
Mar 09, 2018 5:12:01 PM org.apache.catalina.startup.Catalina load
INFO: Initialization processed in 1050 ms
Mar 09, 2018 5:12:01 PM org.apache.catalina.core.StandardService startInternal
INFO: Starting service Catalina
Mar 09, 2018 5:12:01 PM org.apache.catalina.core.StandardEngine startInternal
INFO: Starting Servlet Engine: Apache Tomcat/7.0.85
Mar 09, 2018 5:12:01 PM org.apache.catalina.startup.HostConfig deployDirectory
INFO: Deploying web application directory /home/centos/apache-tomcat-7.0.85/webapps/docs
Mar 09, 2018 5:12:02 PM org.apache.catalina.startup.HostConfig deployDirectory
INFO: Deployment of web application directory /home/centos/apache-tomcat-7.0.85/webapps/docs has finished in 564 ms
Mar 09, 2018 5:12:02 PM org.apache.catalina.startup.HostConfig deployDirectory
INFO: Deploying web application directory /home/centos/apache-tomcat-7.0.85/webapps/examples
Mar 09, 2018 5:12:02 PM org.apache.catalina.startup.HostConfig deployDirectory
INFO: Deployment of web application directory /home/centos/apache-tomcat-7.0.85/webapps/examples has finished in 475 ms
Mar 09, 2018 5:12:02 PM org.apache.catalina.startup.HostConfig deployDirectory
INFO: Deploying web application directory /home/centos/apache-tomcat-7.0.85/webapps/host-manager
Mar 09, 2018 5:12:03 PM org.apache.catalina.startup.HostConfig deployDirectory
INFO: Deployment of web application directory /home/centos/apache-tomcat-7.0.85/webapps/host-manager has finished in 245 ms
Mar 09, 2018 5:12:03 PM org.apache.catalina.startup.HostConfig deployDirectory
INFO: Deploying web application directory /home/centos/apache-tomcat-7.0.85/webapps/manager
Mar 09, 2018 5:12:03 PM org.apache.catalina.startup.HostConfig deployDirectory
INFO: Deployment of web application directory /home/centos/apache-tomcat-7.0.85/webapps/manager has finished in 88 ms
Mar 09, 2018 5:12:03 PM org.apache.catalina.startup.HostConfig deployDirectory
INFO: Deploying web application directory /home/centos/apache-tomcat-7.0.85/webapps/ROOT
Mar 09, 2018 5:12:03 PM org.apache.catalina.startup.HostConfig deployDirectory
INFO: Deployment of web application directory /home/centos/apache-tomcat-7.0.85/webapps/ROOT has finished in 73 ms
Mar 09, 2018 5:12:03 PM org.apache.coyote.AbstractProtocol start
INFO: Starting ProtocolHandler ["http-bio-8080"]
Mar 09, 2018 5:12:03 PM org.apache.coyote.AbstractProtocol start
INFO: Starting ProtocolHandler ["ajp-bio-8009"]
Mar 09, 2018 5:12:03 PM org.apache.catalina.startup.Catalina start
INFO: Server startup in 1579 ms
Mar 09, 2018 9:19:33 PM org.apache.coyote.AbstractProtocol pause
INFO: Pausing ProtocolHandler ["http-bio-8080"]
Mar 09, 2018 9:19:33 PM org.apache.coyote.AbstractProtocol pause
INFO: Pausing ProtocolHandler ["ajp-bio-8009"]
Mar 09, 2018 9:19:33 PM org.apache.catalina.core.StandardService stopInternal
INFO: Stopping service Catalina
Mar 09, 2018 9:19:33 PM org.apache.coyote.AbstractProtocol stop
INFO: Stopping ProtocolHandler ["http-bio-8080"]
Mar 09, 2018 9:19:33 PM org.apache.coyote.AbstractProtocol stop
INFO: Stopping ProtocolHandler ["ajp-bio-8009"]
Mar 09, 2018 9:19:33 PM org.apache.coyote.AbstractProtocol destroy
INFO: Destroying ProtocolHandler ["http-bio-8080"]
Mar 09, 2018 9:19:33 PM org.apache.coyote.AbstractProtocol destroy
INFO: Destroying ProtocolHandler ["ajp-bio-8009"]
