Mar 09, 2018 2:24:33 AM org.apache.catalina.core.ApplicationContext log
INFO: ContextListener: contextInitialized()
Mar 09, 2018 2:24:33 AM org.apache.catalina.core.ApplicationContext log
INFO: SessionListener: contextInitialized()
Mar 09, 2018 2:24:33 AM org.apache.catalina.core.ApplicationContext log
INFO: ContextListener: attributeAdded('StockTicker', 'async.Stockticker@3df61a67')
Mar 09, 2018 2:24:33 AM org.apache.catalina.core.ApplicationContext log
INFO: ContextListener: attributeAdded('org.apache.jasper.compiler.TldLocationsCache', 'org.apache.jasper.compiler.TldLocationsCache@1f8092c1')
Mar 09, 2018 2:28:43 AM org.apache.catalina.core.ApplicationContext log
INFO: SessionListener: contextDestroyed()
Mar 09, 2018 2:28:43 AM org.apache.catalina.core.ApplicationContext log
INFO: ContextListener: contextDestroyed()
Mar 09, 2018 2:28:44 AM org.apache.catalina.core.ApplicationContext log
INFO: ContextListener: contextInitialized()
Mar 09, 2018 2:28:44 AM org.apache.catalina.core.ApplicationContext log
INFO: SessionListener: contextInitialized()
Mar 09, 2018 2:28:44 AM org.apache.catalina.core.ApplicationContext log
INFO: ContextListener: attributeAdded('StockTicker', 'async.Stockticker@567e3fe')
Mar 09, 2018 2:28:44 AM org.apache.catalina.core.ApplicationContext log
INFO: ContextListener: attributeAdded('org.apache.jasper.compiler.TldLocationsCache', 'org.apache.jasper.compiler.TldLocationsCache@713ff119')
Mar 09, 2018 2:39:16 AM org.apache.catalina.core.ApplicationContext log
INFO: ContextListener: contextInitialized()
Mar 09, 2018 2:39:16 AM org.apache.catalina.core.ApplicationContext log
INFO: SessionListener: contextInitialized()
Mar 09, 2018 2:39:16 AM org.apache.catalina.core.ApplicationContext log
INFO: ContextListener: attributeAdded('StockTicker', 'async.Stockticker@6d577d4c')
Mar 09, 2018 2:39:16 AM org.apache.catalina.core.ApplicationContext log
INFO: ContextListener: attributeAdded('org.apache.jasper.compiler.TldLocationsCache', 'org.apache.jasper.compiler.TldLocationsCache@2c85b1bb')
Mar 09, 2018 2:39:16 AM org.apache.catalina.core.ApplicationContext log
INFO: SessionListener: contextDestroyed()
Mar 09, 2018 2:39:16 AM org.apache.catalina.core.ApplicationContext log
INFO: ContextListener: contextDestroyed()
Mar 09, 2018 2:40:13 AM org.apache.catalina.core.ApplicationContext log
INFO: SessionListener: contextDestroyed()
Mar 09, 2018 2:40:13 AM org.apache.catalina.core.ApplicationContext log
INFO: ContextListener: contextDestroyed()
Mar 09, 2018 2:40:48 AM org.apache.catalina.core.ApplicationContext log
INFO: ContextListener: contextInitialized()
Mar 09, 2018 2:40:48 AM org.apache.catalina.core.ApplicationContext log
INFO: SessionListener: contextInitialized()
Mar 09, 2018 2:40:48 AM org.apache.catalina.core.ApplicationContext log
INFO: ContextListener: attributeAdded('StockTicker', 'async.Stockticker@222e6752')
Mar 09, 2018 2:40:48 AM org.apache.catalina.core.ApplicationContext log
INFO: ContextListener: attributeAdded('org.apache.jasper.compiler.TldLocationsCache', 'org.apache.jasper.compiler.TldLocationsCache@4960c0b')
Mar 09, 2018 4:54:38 PM org.apache.catalina.core.ApplicationContext log
INFO: ContextListener: contextInitialized()
Mar 09, 2018 4:54:38 PM org.apache.catalina.core.ApplicationContext log
INFO: SessionListener: contextInitialized()
Mar 09, 2018 4:54:38 PM org.apache.catalina.core.ApplicationContext log
INFO: ContextListener: attributeAdded('StockTicker', 'async.Stockticker@222e6752')
Mar 09, 2018 4:54:38 PM org.apache.catalina.core.ApplicationContext log
INFO: ContextListener: attributeAdded('org.apache.jasper.compiler.TldLocationsCache', 'org.apache.jasper.compiler.TldLocationsCache@4960c0b')
Mar 09, 2018 5:11:27 PM org.apache.catalina.core.ApplicationContext log
INFO: SessionListener: contextDestroyed()
Mar 09, 2018 5:11:27 PM org.apache.catalina.core.ApplicationContext log
INFO: ContextListener: contextDestroyed()
Mar 09, 2018 5:12:02 PM org.apache.catalina.core.ApplicationContext log
INFO: ContextListener: contextInitialized()
Mar 09, 2018 5:12:02 PM org.apache.catalina.core.ApplicationContext log
INFO: SessionListener: contextInitialized()
Mar 09, 2018 5:12:02 PM org.apache.catalina.core.ApplicationContext log
INFO: ContextListener: attributeAdded('StockTicker', 'async.Stockticker@103e2120')
Mar 09, 2018 5:12:02 PM org.apache.catalina.core.ApplicationContext log
INFO: ContextListener: attributeAdded('org.apache.jasper.compiler.TldLocationsCache', 'org.apache.jasper.compiler.TldLocationsCache@e993ca3')
Mar 09, 2018 9:19:33 PM org.apache.catalina.core.ApplicationContext log
INFO: SessionListener: contextDestroyed()
Mar 09, 2018 9:19:33 PM org.apache.catalina.core.ApplicationContext log
INFO: ContextListener: contextDestroyed()
